<?xml version="1.0" encoding="utf-8"?><testsuites><testsuite errors="0" failures="0" hostname="fv-az102" name="pytest" skipped="0" tests="36" time="12.840" timestamp="2020-07-31T19:57:17.407155"><testcase classname="zdevelop.tests.test_consumer.TestConsumption" file="zdevelop/tests/test_consumer.py" line="32" name="test_basic_consume" time="6.086"></testcase><testcase classname="zdevelop.tests.test_consumer.TestConsumption" file="zdevelop/tests/test_consumer.py" line="48" name="test_basic_consume_bytes" time="0.041"></testcase><testcase classname="zdevelop.tests.test_consumer.TestConsumption" file="zdevelop/tests/test_consumer.py" line="65" name="test_basic_consume_model" time="0.059"></testcase><testcase classname="zdevelop.tests.test_consumer.TestConsumption" file="zdevelop/tests/test_consumer.py" line="89" name="test_basic_consume_proto" time="0.049"></testcase><testcase classname="zdevelop.tests.test_consumer.TestConsumption" file="zdevelop/tests/test_consumer.py" line="108" name="test_basic_pass_through" time="0.049"></testcase><testcase classname="zdevelop.tests.test_consumer.TestConsumption" file="zdevelop/tests/test_consumer.py" line="125" name="test_proto_pass_through" time="0.049"></testcase><testcase classname="zdevelop.tests.test_consumer.TestConsumption" file="zdevelop/tests/test_consumer.py" line="151" name="test_return_message" time="0.049"></testcase><testcase classname="zdevelop.tests.test_consumer.TestConsumption" file="zdevelop/tests/test_consumer.py" line="168" name="test_consumption_concurrency" time="4.016"></testcase><testcase classname="zdevelop.tests.test_consumer.TestConsumption" file="zdevelop/tests/test_consumer.py" line="204" name="test_custom_mimetype" time="0.054"></testcase><testcase classname="zdevelop.tests.test_consumer.TestConsumption" file="zdevelop/tests/test_consumer.py" line="246" name="test_requeue_once" time="0.044"></testcase><testcase classname="zdevelop.tests.test_consumer.TestConsumption" file="zdevelop/tests/test_consumer.py" line="274" name="test_requeue_multiple" time="0.078"></testcase><testcase classname="zdevelop.tests.test_consumer.TestConsumption" file="zdevelop/tests/test_consumer.py" line="303" name="test_reject_message" time="0.044"></testcase><testcase classname="zdevelop.tests.test_consumer.TestConsumptionErrors" file="zdevelop/tests/test_consumer.py" line="334" name="test_raises_handled" time="0.042"></testcase><testcase classname="zdevelop.tests.test_consumer.TestConsumptionErrors" file="zdevelop/tests/test_consumer.py" line="351" name="test_raises_handled_custom" time="0.040"></testcase><testcase classname="zdevelop.tests.test_consumer.TestConsumptionErrors" file="zdevelop/tests/test_consumer.py" line="375" name="test_raises_handled_custom_decorator" time="0.045"></testcase><testcase classname="zdevelop.tests.test_consumer.TestConsumptionErrors" file="zdevelop/tests/test_consumer.py" line="398" name="test_raises_handled_custom_multiple" time="0.041"></testcase><testcase classname="zdevelop.tests.test_consumer.TestConsumptionErrors" file="zdevelop/tests/test_consumer.py" line="431" name="test_raise_handler_fails" time="0.046"></testcase><testcase classname="zdevelop.tests.test_consumer.TestTestClient" file="zdevelop/tests/test_consumer.py" line="456" name="test_delete_queues" time="0.117"></testcase><testcase classname="zdevelop.tests.test_consumer.TestTestClient" file="zdevelop/tests/test_consumer.py" line="497" name="test_pull_empty_queue" time="0.547"></testcase><testcase classname="zdevelop.tests.test_consumer.TestTestClient" file="zdevelop/tests/test_consumer.py" line="508" name="test_get_queue" time="0.050"></testcase><testcase classname="zdevelop.tests.test_consumer.TestScribe" file="zdevelop/tests/test_consumer.py" line="533" name="test_runtime_error_no_connection" time="0.001"></testcase><testcase classname="zdevelop.tests.test_consumer.TestScribe" file="zdevelop/tests/test_consumer.py" line="543" name="test_get_queue_create_channel" time="0.014"></testcase><testcase classname="zdevelop.tests.test_consumer.TestScribe" file="zdevelop/tests/test_consumer.py" line="556" name="test_put_message_channel_create" time="0.016"></testcase><testcase classname="zdevelop.tests.test_consumer.TestLifeCycle" file="zdevelop/tests/test_consumer.py" line="573" name="test_auto_name" time="0.001"></testcase><testcase classname="zdevelop.tests.test_consumer.TestLifeCycle" file="zdevelop/tests/test_consumer.py" line="579" name="test_double_consume_raises" time="0.002"></testcase><testcase classname="zdevelop.tests.test_consumer.TestLifeCycle" file="zdevelop/tests/test_consumer.py" line="590" name="test_normal_startup" time="0.029"></testcase><testcase classname="zdevelop.tests.test_consumer.TestLifeCycle" file="zdevelop/tests/test_consumer.py" line="605" name="test_startup_task" time="0.021"></testcase><testcase classname="zdevelop.tests.test_consumer.TestLifeCycle" file="zdevelop/tests/test_consumer.py" line="619" name="test_startup_task_decorator" time="0.024"></testcase><testcase classname="zdevelop.tests.test_consumer.TestLifeCycle" file="zdevelop/tests/test_consumer.py" line="632" name="test_startup_task_multiple" time="0.026"></testcase><testcase classname="zdevelop.tests.test_consumer.TestLifeCycle" file="zdevelop/tests/test_consumer.py" line="650" name="test_startup_task_multiple_failure" time="0.028"></testcase><testcase classname="zdevelop.tests.test_consumer.TestLifeCycle" file="zdevelop/tests/test_consumer.py" line="677" name="test_shutdown_task" time="0.027"></testcase><testcase classname="zdevelop.tests.test_consumer.TestLifeCycle" file="zdevelop/tests/test_consumer.py" line="692" name="test_shutdown_task_decorator" time="0.027"></testcase><testcase classname="zdevelop.tests.test_consumer.TestLifeCycle" file="zdevelop/tests/test_consumer.py" line="706" name="test_shutdown_task_double" time="0.028"></testcase><testcase classname="zdevelop.tests.test_consumer.TestLifeCycle" file="zdevelop/tests/test_consumer.py" line="725" name="test_shutdown_task_first_fails" time="0.029"></testcase><testcase classname="zdevelop.tests.test_consumer.TestLifeCycle" file="zdevelop/tests/test_consumer.py" line="745" name="test_double_startup" time="0.053"></testcase><testcase classname="zdevelop.tests.test_consumer.TestLifeCycle" file="zdevelop/tests/test_consumer.py" line="777" name="test_keyboard_interrupt" time="0.036"></testcase></testsuite></testsuites>